2014-06-02 15:37:34.338 GrowingAmbitions[72695:70b] Multi-tasking -> Device: YES, App: YES
2014-06-02 15:37:34.364 GrowingAmbitions[72695:70b] Unlimited access to network resources
2014-06-02 15:37:34.366 GrowingAmbitions[72695:70b] 

Started backup to iCloud! Please be careful.
Your application might rejected by Apple if you store too much data.
For more information please read "iOS Data Storage Guidelines"
You could find it at the following address https://developer.apple.com/icloud/documentation/data-storage/ .

2014-06-02 15:37:34.606 GrowingAmbitions[72695:70b] Resetting plugins due to page load.
2014-06-02 15:37:34.657 GrowingAmbitions[72695:70b] Finished load of: file:///Users/matthewford/Library/Application%20Support/iPhone%20Simulator/7.1/Applications/180C3C9F-C6FD-41BF-A152-48D5BB4B2E1D/GrowingAmbitions.app/www/index.html
2014-06-02 15:38:38.269 GrowingAmbitions[72785:70b] Multi-tasking -> Device: YES, App: YES
2014-06-02 15:38:38.274 GrowingAmbitions[72785:70b] Unlimited access to network resources
2014-06-02 15:38:38.276 GrowingAmbitions[72785:70b] 

Started backup to iCloud! Please be careful.
Your application might rejected by Apple if you store too much data.
For more information please read "iOS Data Storage Guidelines"
You could find it at the following address https://developer.apple.com/icloud/documentation/data-storage/ .

2014-06-02 15:38:38.372 GrowingAmbitions[72785:70b] Resetting plugins due to page load.
2014-06-02 15:38:38.394 GrowingAmbitions[72785:70b] Finished load of: file:///Users/matthewford/Library/Application%20Support/iPhone%20Simulator/7.1/Applications/180C3C9F-C6FD-41BF-A152-48D5BB4B2E1D/GrowingAmbitions.app/www/index.html
2014-06-02 15:38:59.112 GrowingAmbitions[72915:70b] Multi-tasking -> Device: YES, App: YES
2014-06-02 15:38:59.118 GrowingAmbitions[72915:70b] Unlimited access to network resources
2014-06-02 15:38:59.119 GrowingAmbitions[72915:70b] 

Started backup to iCloud! Please be careful.
Your application might rejected by Apple if you store too much data.
For more information please read "iOS Data Storage Guidelines"
You could find it at the following address https://developer.apple.com/icloud/documentation/data-storage/ .

2014-06-02 15:38:59.186 GrowingAmbitions[72915:70b] Resetting plugins due to page load.
2014-06-02 15:38:59.210 GrowingAmbitions[72915:70b] Finished load of: file:///Users/matthewford/Library/Application%20Support/iPhone%20Simulator/7.1/Applications/180C3C9F-C6FD-41BF-A152-48D5BB4B2E1D/GrowingAmbitions.app/www/index.html
2014-06-02 15:40:38.783 GrowingAmbitions[73038:70b] Multi-tasking -> Device: YES, App: YES
2014-06-02 15:40:38.788 GrowingAmbitions[73038:70b] Unlimited access to network resources
2014-06-02 15:40:38.790 GrowingAmbitions[73038:70b] 

Started backup to iCloud! Please be careful.
Your application might rejected by Apple if you store too much data.
For more information please read "iOS Data Storage Guidelines"
You could find it at the following address https://developer.apple.com/icloud/documentation/data-storage/ .

2014-06-02 15:40:38.828 GrowingAmbitions[73038:70b] Resetting plugins due to page load.
2014-06-02 15:40:38.848 GrowingAmbitions[73038:70b] Finished load of: file:///Users/matthewford/Library/Application%20Support/iPhone%20Simulator/7.1/Applications/180C3C9F-C6FD-41BF-A152-48D5BB4B2E1D/GrowingAmbitions.app/www/index.html
2014-06-02 15:40:38.872 GrowingAmbitions[73038:70b] THREAD WARNING: ['InAppBrowser'] took '13.288086' ms. Plugin should use a background thread.
2014-06-02 15:42:35.388 GrowingAmbitions[73182:70b] Multi-tasking -> Device: YES, App: YES
2014-06-02 15:42:35.393 GrowingAmbitions[73182:70b] Unlimited access to network resources
2014-06-02 15:42:35.395 GrowingAmbitions[73182:70b] 

Started backup to iCloud! Please be careful.
Your application might rejected by Apple if you store too much data.
For more information please read "iOS Data Storage Guidelines"
You could find it at the following address https://developer.apple.com/icloud/documentation/data-storage/ .

2014-06-02 15:42:35.433 GrowingAmbitions[73182:70b] Resetting plugins due to page load.
2014-06-02 15:42:35.455 GrowingAmbitions[73182:70b] Finished load of: file:///Users/matthewford/Library/Application%20Support/iPhone%20Simulator/7.1/Applications/180C3C9F-C6FD-41BF-A152-48D5BB4B2E1D/GrowingAmbitions.app/www/index.html
2014-06-02 15:42:35.501 GrowingAmbitions[73182:70b] THREAD WARNING: ['InAppBrowser'] took '32.424072' ms. Plugin should use a background thread.
2014-06-02 15:43:01.928 GrowingAmbitions[73269:70b] Multi-tasking -> Device: YES, App: YES
2014-06-02 15:43:01.934 GrowingAmbitions[73269:70b] Unlimited access to network resources
2014-06-02 15:43:01.935 GrowingAmbitions[73269:70b] 

Started backup to iCloud! Please be careful.
Your application might rejected by Apple if you store too much data.
For more information please read "iOS Data Storage Guidelines"
You could find it at the following address https://developer.apple.com/icloud/documentation/data-storage/ .

2014-06-02 15:43:01.975 GrowingAmbitions[73269:70b] Resetting plugins due to page load.
2014-06-02 15:43:01.996 GrowingAmbitions[73269:70b] Finished load of: file:///Users/matthewford/Library/Application%20Support/iPhone%20Simulator/7.1/Applications/180C3C9F-C6FD-41BF-A152-48D5BB4B2E1D/GrowingAmbitions.app/www/index.html
2014-06-02 15:43:02.025 GrowingAmbitions[73269:70b] THREAD WARNING: ['InAppBrowser'] took '14.714111' ms. Plugin should use a background thread.
2014-06-02 15:47:09.103 GrowingAmbitions[73535:70b] Multi-tasking -> Device: YES, App: YES
2014-06-02 15:47:09.109 GrowingAmbitions[73535:70b] Unlimited access to network resources
2014-06-02 15:47:09.111 GrowingAmbitions[73535:70b] 

Started backup to iCloud! Please be careful.
Your application might rejected by Apple if you store too much data.
For more information please read "iOS Data Storage Guidelines"
You could find it at the following address https://developer.apple.com/icloud/documentation/data-storage/ .

2014-06-02 15:47:09.205 GrowingAmbitions[73535:70b] Resetting plugins due to page load.
2014-06-02 15:47:09.233 GrowingAmbitions[73535:70b] Finished load of: file:///Users/matthewford/Library/Application%20Support/iPhone%20Simulator/7.1/Applications/180C3C9F-C6FD-41BF-A152-48D5BB4B2E1D/GrowingAmbitions.app/www/index.html
2014-06-02 15:47:09.266 GrowingAmbitions[73535:70b] THREAD WARNING: ['InAppBrowser'] took '18.927002' ms. Plugin should use a background thread.
2014-06-02 15:48:22.635 GrowingAmbitions[73645:70b] Multi-tasking -> Device: YES, App: YES
2014-06-02 15:48:22.641 GrowingAmbitions[73645:70b] Unlimited access to network resources
2014-06-02 15:48:22.643 GrowingAmbitions[73645:70b] 

Started backup to iCloud! Please be careful.
Your application might rejected by Apple if you store too much data.
For more information please read "iOS Data Storage Guidelines"
You could find it at the following address https://developer.apple.com/icloud/documentation/data-storage/ .

2014-06-02 15:48:22.703 GrowingAmbitions[73645:70b] Resetting plugins due to page load.
2014-06-02 15:48:22.728 GrowingAmbitions[73645:70b] Finished load of: file:///Users/matthewford/Library/Application%20Support/iPhone%20Simulator/7.1/Applications/180C3C9F-C6FD-41BF-A152-48D5BB4B2E1D/GrowingAmbitions.app/www/index.html
2014-06-02 15:48:22.765 GrowingAmbitions[73645:70b] THREAD WARNING: ['InAppBrowser'] took '23.185059' ms. Plugin should use a background thread.
2014-06-02 15:49:43.399 GrowingAmbitions[73900:70b] Multi-tasking -> Device: YES, App: YES
2014-06-02 15:49:43.405 GrowingAmbitions[73900:70b] Unlimited access to network resources
2014-06-02 15:49:43.407 GrowingAmbitions[73900:70b] 

Started backup to iCloud! Please be careful.
Your application might rejected by Apple if you store too much data.
For more information please read "iOS Data Storage Guidelines"
You could find it at the following address https://developer.apple.com/icloud/documentation/data-storage/ .

2014-06-02 15:49:43.487 GrowingAmbitions[73900:70b] Resetting plugins due to page load.
2014-06-02 15:49:43.511 GrowingAmbitions[73900:70b] Finished load of: file:///Users/matthewford/Library/Application%20Support/iPhone%20Simulator/7.1/Applications/180C3C9F-C6FD-41BF-A152-48D5BB4B2E1D/GrowingAmbitions.app/www/index.html
2014-06-02 15:49:43.540 GrowingAmbitions[73900:70b] Setting the WebView's frame to {{0, 0}, {320, 436}}
2014-06-02 15:49:43.541 GrowingAmbitions[73900:70b] Setting the WebView's frame to {{0, 0}, {320, 480}}
2014-06-02 15:49:43.545 GrowingAmbitions[73900:70b] THREAD WARNING: ['InAppBrowser'] took '20.131592' ms. Plugin should use a background thread.
2014-06-02 16:00:35.095 GrowingAmbitions[74119:70b] Multi-tasking -> Device: YES, App: YES
2014-06-02 16:00:35.100 GrowingAmbitions[74119:70b] Unlimited access to network resources
2014-06-02 16:00:35.102 GrowingAmbitions[74119:70b] 

Started backup to iCloud! Please be careful.
Your application might rejected by Apple if you store too much data.
For more information please read "iOS Data Storage Guidelines"
You could find it at the following address https://developer.apple.com/icloud/documentation/data-storage/ .

2014-06-02 16:00:35.185 GrowingAmbitions[74119:70b] Resetting plugins due to page load.
2014-06-02 16:00:35.211 GrowingAmbitions[74119:70b] Finished load of: file:///Users/matthewford/Library/Application%20Support/iPhone%20Simulator/7.1/Applications/180C3C9F-C6FD-41BF-A152-48D5BB4B2E1D/GrowingAmbitions.app/www/index.html
2014-06-02 16:00:35.241 GrowingAmbitions[74119:70b] Setting the WebView's frame to {{0, 0}, {320, 436}}
2014-06-02 16:00:35.242 GrowingAmbitions[74119:70b] Setting the WebView's frame to {{0, 0}, {320, 480}}
2014-06-02 16:00:35.245 GrowingAmbitions[74119:70b] THREAD WARNING: ['InAppBrowser'] took '20.669922' ms. Plugin should use a background thread.
2014-06-02 16:08:47.016 GrowingAmbitions[74398:70b] Multi-tasking -> Device: YES, App: YES
2014-06-02 16:08:47.022 GrowingAmbitions[74398:70b] Unlimited access to network resources
2014-06-02 16:08:47.024 GrowingAmbitions[74398:70b] 

Started backup to iCloud! Please be careful.
Your application might rejected by Apple if you store too much data.
For more information please read "iOS Data Storage Guidelines"
You could find it at the following address https://developer.apple.com/icloud/documentation/data-storage/ .

2014-06-02 16:08:47.076 GrowingAmbitions[74398:70b] Resetting plugins due to page load.
2014-06-02 16:08:47.101 GrowingAmbitions[74398:70b] Finished load of: file:///Users/matthewford/Library/Application%20Support/iPhone%20Simulator/7.1/Applications/180C3C9F-C6FD-41BF-A152-48D5BB4B2E1D/GrowingAmbitions.app/www/index.html
2014-06-02 16:09:14.285 GrowingAmbitions[74537:70b] Multi-tasking -> Device: YES, App: YES
2014-06-02 16:09:14.290 GrowingAmbitions[74537:70b] Unlimited access to network resources
2014-06-02 16:09:14.292 GrowingAmbitions[74537:70b] 

Started backup to iCloud! Please be careful.
Your application might rejected by Apple if you store too much data.
For more information please read "iOS Data Storage Guidelines"
You could find it at the following address https://developer.apple.com/icloud/documentation/data-storage/ .

2014-06-02 16:09:14.332 GrowingAmbitions[74537:70b] Resetting plugins due to page load.
2014-06-02 16:09:14.355 GrowingAmbitions[74537:70b] Finished load of: file:///Users/matthewford/Library/Application%20Support/iPhone%20Simulator/7.1/Applications/180C3C9F-C6FD-41BF-A152-48D5BB4B2E1D/GrowingAmbitions.app/www/index.html
2014-06-02 16:10:55.089 GrowingAmbitions[74831:70b] Multi-tasking -> Device: YES, App: YES
2014-06-02 16:10:55.095 GrowingAmbitions[74831:70b] Unlimited access to network resources
2014-06-02 16:10:55.097 GrowingAmbitions[74831:70b] 

Started backup to iCloud! Please be careful.
Your application might rejected by Apple if you store too much data.
For more information please read "iOS Data Storage Guidelines"
You could find it at the following address https://developer.apple.com/icloud/documentation/data-storage/ .

2014-06-02 16:10:55.161 GrowingAmbitions[74831:70b] Resetting plugins due to page load.
2014-06-02 16:10:55.185 GrowingAmbitions[74831:70b] Finished load of: file:///Users/matthewford/Library/Application%20Support/iPhone%20Simulator/7.1/Applications/180C3C9F-C6FD-41BF-A152-48D5BB4B2E1D/GrowingAmbitions.app/www/index.html
2014-06-02 16:11:42.312 GrowingAmbitions[74980:70b] Multi-tasking -> Device: YES, App: YES
2014-06-02 16:11:42.317 GrowingAmbitions[74980:70b] Unlimited access to network resources
2014-06-02 16:11:42.319 GrowingAmbitions[74980:70b] 

Started backup to iCloud! Please be careful.
Your application might rejected by Apple if you store too much data.
For more information please read "iOS Data Storage Guidelines"
You could find it at the following address https://developer.apple.com/icloud/documentation/data-storage/ .

2014-06-02 16:11:42.396 GrowingAmbitions[74980:70b] Resetting plugins due to page load.
2014-06-02 16:11:42.418 GrowingAmbitions[74980:70b] Finished load of: file:///Users/matthewford/Library/Application%20Support/iPhone%20Simulator/7.1/Applications/180C3C9F-C6FD-41BF-A152-48D5BB4B2E1D/GrowingAmbitions.app/www/index.html
2014-06-02 16:11:42.446 GrowingAmbitions[74980:70b] Setting the WebView's frame to {{0, 0}, {320, 436}}
2014-06-02 16:11:42.447 GrowingAmbitions[74980:70b] Setting the WebView's frame to {{0, 0}, {320, 480}}
2014-06-02 16:11:42.450 GrowingAmbitions[74980:70b] THREAD WARNING: ['InAppBrowser'] took '18.064941' ms. Plugin should use a background thread.
2014-06-02 16:12:33.405 GrowingAmbitions[75118:70b] Multi-tasking -> Device: YES, App: YES
2014-06-02 16:12:33.410 GrowingAmbitions[75118:70b] Unlimited access to network resources
2014-06-02 16:12:33.412 GrowingAmbitions[75118:70b] 

Started backup to iCloud! Please be careful.
Your application might rejected by Apple if you store too much data.
For more information please read "iOS Data Storage Guidelines"
You could find it at the following address https://developer.apple.com/icloud/documentation/data-storage/ .

2014-06-02 16:12:33.450 GrowingAmbitions[75118:70b] Resetting plugins due to page load.
2014-06-02 16:12:33.471 GrowingAmbitions[75118:70b] Finished load of: file:///Users/matthewford/Library/Application%20Support/iPhone%20Simulator/7.1/Applications/180C3C9F-C6FD-41BF-A152-48D5BB4B2E1D/GrowingAmbitions.app/www/index.html
2014-06-02 16:12:33.497 GrowingAmbitions[75118:70b] Setting the WebView's frame to {{0, 0}, {320, 436}}
2014-06-02 16:12:33.498 GrowingAmbitions[75118:70b] Setting the WebView's frame to {{0, 0}, {320, 480}}
2014-06-02 16:12:33.501 GrowingAmbitions[75118:70b] THREAD WARNING: ['InAppBrowser'] took '16.228271' ms. Plugin should use a background thread.
2014-06-02 16:12:40.279 GrowingAmbitions[75118:70b] Tried to show IAB while already shown
2014-06-02 16:12:46.743 GrowingAmbitions[75118:70b] Tried to show IAB while already shown
2014-06-02 16:13:09.865 GrowingAmbitions[75219:70b] Multi-tasking -> Device: YES, App: YES
2014-06-02 16:13:09.870 GrowingAmbitions[75219:70b] Unlimited access to network resources
2014-06-02 16:13:09.872 GrowingAmbitions[75219:70b] 

Started backup to iCloud! Please be careful.
Your application might rejected by Apple if you store too much data.
For more information please read "iOS Data Storage Guidelines"
You could find it at the following address https://developer.apple.com/icloud/documentation/data-storage/ .

2014-06-02 16:13:09.912 GrowingAmbitions[75219:70b] Resetting plugins due to page load.
2014-06-02 16:13:09.934 GrowingAmbitions[75219:70b] Finished load of: file:///Users/matthewford/Library/Application%20Support/iPhone%20Simulator/7.1/Applications/180C3C9F-C6FD-41BF-A152-48D5BB4B2E1D/GrowingAmbitions.app/www/index.html
2014-06-02 16:13:09.960 GrowingAmbitions[75219:70b] Setting the WebView's frame to {{0, 0}, {320, 436}}
2014-06-02 16:13:09.961 GrowingAmbitions[75219:70b] Setting the WebView's frame to {{0, 0}, {320, 480}}
2014-06-02 16:13:09.963 GrowingAmbitions[75219:70b] THREAD WARNING: ['InAppBrowser'] took '16.443848' ms. Plugin should use a background thread.
